{"uid":"f1e4e15700a164d1","name":"test_historySessionPageOnclickingViewAllOnDashboard","fullName":"test_HistorySessionPage.TestHistorySessionPage#test_historySessionPageOnclickingViewAllOnDashboard","historyId":"cab04a97fd8e8417cdb0aa110aa36e49","time":{"start":1665389691807,"stop":1665389692133,"duration":326},"status":"broken","statusMessage":"selenium.common.exceptions.NoSuchElementException: Message: no such element: Unable to locate element: {\"method\":\"xpath\",\"selector\":\"(//span[text()='vidya-cloudify8']//following-sibling::div//button)[2]\"}\n  (Session info: chrome=102.0.5005.61)","statusTrace":"self = <Test.testCases.test_HistorySessionPage.TestHistorySessionPage object at 0x00000246420A51C0>\nsetup = None\n\n    @pytest.mark.scenario\n    #8 validate history session page after click on view all on dashboard page after terminating running session\n    def test_historySessionPageOnclickingViewAllOnDashboard(self, setup):\n        self.logger.info(\"********** successfully signin *********\")\n        self.org = organisationList(self.driver)\n        self.logger.info(\"********routed on organisation list page *********\")\n>       self.org.clickExplore()\n\ntest_HistorySessionPage.py:241: \n_ _ _ _ _ _ _ _ _ _ _ _ _ _ _ _ _ _ _ _ _ _ _ _ _ _ _ _ _ _ _ _ _ _ _ _ _ _ _ _\n..\\..\\pageObjects\\organisationListPage.py:56: in clickExplore\n    self.driver.find_element_by_xpath(self.button_explore_cloudify_xpath).click()\n..\\..\\venv\\lib\\site-packages\\selenium\\webdriver\\remote\\webdriver.py:365: in find_element_by_xpath\n    return self.find_element(by=By.XPATH, value=xpath)\n..\\..\\venv\\lib\\site-packages\\selenium\\webdriver\\remote\\webdriver.py:841: in find_element\n    return self.execute(Command.FIND_ELEMENT, {\n..\\..\\venv\\lib\\site-packages\\selenium\\webdriver\\remote\\webdriver.py:308: in execute\n    self.error_handler.check_response(response)\n_ _ _ _ _ _ _ _ _ _ _ _ _ _ _ _ _ _ _ _ _ _ _ _ _ _ _ _ _ _ _ _ _ _ _ _ _ _ _ _\n\nself = <selenium.webdriver.remote.errorhandler.ErrorHandler object at 0x0000024642130580>\nresponse = {'status': 404, 'value': '{\"value\":{\"error\":\"no such element\",\"message\":\"no such element: Unable to locate element: {\\...\\\\n#16 0x561bec2a2788 \\\\u003Cunknown>\\\\n#17 0x561bec2bcf1d \\\\u003Cunknown>\\\\n#18 0x7f9ff3aa96db \\\\u003Cunknown>\\\\n\"}}'}\n\n    def check_response(self, response):\n        \"\"\"\n        Checks that a JSON response from the WebDriver does not have an error.\n    \n        :Args:\n         - response - The JSON response from the WebDriver server as a dictionary\n           object.\n    \n        :Raises: If the response contains an error message.\n        \"\"\"\n        status = response.get('status', None)\n        if status is None or status == ErrorCode.SUCCESS:\n            return\n        value = None\n        message = response.get(\"message\", \"\")\n        screen = response.get(\"screen\", \"\")\n        stacktrace = None\n        if isinstance(status, int):\n            value_json = response.get('value', None)\n            if value_json and isinstance(value_json, basestring):\n                import json\n                try:\n                    value = json.loads(value_json)\n                    if len(value.keys()) == 1:\n                        value = value['value']\n                    status = value.get('error', None)\n                    if status is None:\n                        status = value[\"status\"]\n                        message = value[\"value\"]\n                        if not isinstance(message, basestring):\n                            value = message\n                            message = message.get('message')\n                    else:\n                        message = value.get('message', None)\n                except ValueError:\n                    pass\n    \n        exception_class = ErrorInResponseException\n        if status in ErrorCode.NO_SUCH_ELEMENT:\n            exception_class = NoSuchElementException\n        elif status in ErrorCode.NO_SUCH_FRAME:\n            exception_class = NoSuchFrameException\n        elif status in ErrorCode.NO_SUCH_WINDOW:\n            exception_class = NoSuchWindowException\n        elif status in ErrorCode.STALE_ELEMENT_REFERENCE:\n            exception_class = StaleElementReferenceException\n        elif status in ErrorCode.ELEMENT_NOT_VISIBLE:\n            exception_class = ElementNotVisibleException\n        elif status in ErrorCode.INVALID_ELEMENT_STATE:\n            exception_class = InvalidElementStateException\n        elif status in ErrorCode.INVALID_SELECTOR \\\n                or status in ErrorCode.INVALID_XPATH_SELECTOR \\\n                or status in ErrorCode.INVALID_XPATH_SELECTOR_RETURN_TYPER:\n            exception_class = InvalidSelectorException\n        elif status in ErrorCode.ELEMENT_IS_NOT_SELECTABLE:\n            exception_class = ElementNotSelectableException\n        elif status in ErrorCode.ELEMENT_NOT_INTERACTABLE:\n            exception_class = ElementNotInteractableException\n        elif status in ErrorCode.INVALID_COOKIE_DOMAIN:\n            exception_class = WebDriverException\n        elif status in ErrorCode.UNABLE_TO_SET_COOKIE:\n            exception_class = WebDriverException\n        elif status in ErrorCode.TIMEOUT:\n            exception_class = TimeoutException\n        elif status in ErrorCode.SCRIPT_TIMEOUT:\n            exception_class = TimeoutException\n        elif status in ErrorCode.UNKNOWN_ERROR:\n            exception_class = WebDriverException\n        elif status in ErrorCode.UNEXPECTED_ALERT_OPEN:\n            exception_class = UnexpectedAlertPresentException\n        elif status in ErrorCode.NO_ALERT_OPEN:\n            exception_class = NoAlertPresentException\n        elif status in ErrorCode.IME_NOT_AVAILABLE:\n            exception_class = ImeNotAvailableException\n        elif status in ErrorCode.IME_ENGINE_ACTIVATION_FAILED:\n            exception_class = ImeActivationFailedException\n        elif status in ErrorCode.MOVE_TARGET_OUT_OF_BOUNDS:\n            exception_class = MoveTargetOutOfBoundsException\n        else:\n            exception_class = WebDriverException\n        if value == '' or value is None:\n            value = response['value']\n        if isinstance(value, basestring):\n            if exception_class == ErrorInResponseException:\n                raise exception_class(response, value)\n            raise exception_class(value)\n        if message == \"\" and 'message' in value:\n            message = value['message']\n    \n        screen = None\n        if 'screen' in value:\n            screen = value['screen']\n    \n        stacktrace = None\n        if 'stackTrace' in value and value['stackTrace']:\n            stacktrace = []\n            try:\n                for frame in value['stackTrace']:\n                    line = self._value_or_default(frame, 'lineNumber', '')\n                    file = self._value_or_default(frame, 'fileName', '<anonymous>')\n                    if line:\n                        file = \"%s:%s\" % (file, line)\n                    meth = self._value_or_default(frame, 'methodName', '<anonymous>')\n                    if 'className' in frame:\n                        meth = \"%s.%s\" % (frame['className'], meth)\n                    msg = \"    at %s (%s)\"\n                    msg = msg % (meth, file)\n                    stacktrace.append(msg)\n            except TypeError:\n                pass\n        if exception_class == ErrorInResponseException:\n            raise exception_class(response, message)\n        elif exception_class == UnexpectedAlertPresentException and 'alert' in value:\n            raise exception_class(message, screen, stacktrace, value['alert'].get('text'))\n>       raise exception_class(message, screen, stacktrace)\nE       selenium.common.exceptions.NoSuchElementException: Message: no such element: Unable to locate element: {\"method\":\"xpath\",\"selector\":\"(//span[text()='vidya-cloudify8']//following-sibling::div//button)[2]\"}\nE         (Session info: chrome=102.0.5005.61)\n\n..\\..\\venv\\lib\\site-packages\\selenium\\webdriver\\remote\\errorhandler.py:194: NoSuchElementException","flaky":false,"newFailed":false,"newBroken":false,"newPassed":false,"retriesCount":0,"retriesStatusChange":false,"beforeStages":[{"name":"setup","time":{"start":1665389555921,"stop":1665389691807,"duration":135886},"status":"passed","steps":[],"attachments":[],"parameters":[],"shouldDisplayMessage":false,"attachmentsCount":0,"hasContent":false,"stepsCount":0}],"testStage":{"status":"broken","statusMessage":"selenium.common.exceptions.NoSuchElementException: Message: no such element: Unable to locate element: {\"method\":\"xpath\",\"selector\":\"(//span[text()='vidya-cloudify8']//following-sibling::div//button)[2]\"}\n  (Session info: chrome=102.0.5005.61)","statusTrace":"self = <Test.testCases.test_HistorySessionPage.TestHistorySessionPage object at 0x00000246420A51C0>\nsetup = None\n\n    @pytest.mark.scenario\n    #8 validate history session page after click on view all on dashboard page after terminating running session\n    def test_historySessionPageOnclickingViewAllOnDashboard(self, setup):\n        self.logger.info(\"********** successfully signin *********\")\n        self.org = organisationList(self.driver)\n        self.logger.info(\"********routed on organisation list page *********\")\n>       self.org.clickExplore()\n\ntest_HistorySessionPage.py:241: \n_ _ _ _ _ _ _ _ _ _ _ _ _ _ _ _ _ _ _ _ _ _ _ _ _ _ _ _ _ _ _ _ _ _ _ _ _ _ _ _\n..\\..\\pageObjects\\organisationListPage.py:56: in clickExplore\n    self.driver.find_element_by_xpath(self.button_explore_cloudify_xpath).click()\n..\\..\\venv\\lib\\site-packages\\selenium\\webdriver\\remote\\webdriver.py:365: in find_element_by_xpath\n    return self.find_element(by=By.XPATH, value=xpath)\n..\\..\\venv\\lib\\site-packages\\selenium\\webdriver\\remote\\webdriver.py:841: in find_element\n    return self.execute(Command.FIND_ELEMENT, {\n..\\..\\venv\\lib\\site-packages\\selenium\\webdriver\\remote\\webdriver.py:308: in execute\n    self.error_handler.check_response(response)\n_ _ _ _ _ _ _ _ _ _ _ _ _ _ _ _ _ _ _ _ _ _ _ _ _ _ _ _ _ _ _ _ _ _ _ _ _ _ _ _\n\nself = <selenium.webdriver.remote.errorhandler.ErrorHandler object at 0x0000024642130580>\nresponse = {'status': 404, 'value': '{\"value\":{\"error\":\"no such element\",\"message\":\"no such element: Unable to locate element: {\\...\\\\n#16 0x561bec2a2788 \\\\u003Cunknown>\\\\n#17 0x561bec2bcf1d \\\\u003Cunknown>\\\\n#18 0x7f9ff3aa96db \\\\u003Cunknown>\\\\n\"}}'}\n\n    def check_response(self, response):\n        \"\"\"\n        Checks that a JSON response from the WebDriver does not have an error.\n    \n        :Args:\n         - response - The JSON response from the WebDriver server as a dictionary\n           object.\n    \n        :Raises: If the response contains an error message.\n        \"\"\"\n        status = response.get('status', None)\n        if status is None or status == ErrorCode.SUCCESS:\n            return\n        value = None\n        message = response.get(\"message\", \"\")\n        screen = response.get(\"screen\", \"\")\n        stacktrace = None\n        if isinstance(status, int):\n            value_json = response.get('value', None)\n            if value_json and isinstance(value_json, basestring):\n                import json\n                try:\n                    value = json.loads(value_json)\n                    if len(value.keys()) == 1:\n                        value = value['value']\n                    status = value.get('error', None)\n                    if status is None:\n                        status = value[\"status\"]\n                        message = value[\"value\"]\n                        if not isinstance(message, basestring):\n                            value = message\n                            message = message.get('message')\n                    else:\n                        message = value.get('message', None)\n                except ValueError:\n                    pass\n    \n        exception_class = ErrorInResponseException\n        if status in ErrorCode.NO_SUCH_ELEMENT:\n            exception_class = NoSuchElementException\n        elif status in ErrorCode.NO_SUCH_FRAME:\n            exception_class = NoSuchFrameException\n        elif status in ErrorCode.NO_SUCH_WINDOW:\n            exception_class = NoSuchWindowException\n        elif status in ErrorCode.STALE_ELEMENT_REFERENCE:\n            exception_class = StaleElementReferenceException\n        elif status in ErrorCode.ELEMENT_NOT_VISIBLE:\n            exception_class = ElementNotVisibleException\n        elif status in ErrorCode.INVALID_ELEMENT_STATE:\n            exception_class = InvalidElementStateException\n        elif status in ErrorCode.INVALID_SELECTOR \\\n                or status in ErrorCode.INVALID_XPATH_SELECTOR \\\n                or status in ErrorCode.INVALID_XPATH_SELECTOR_RETURN_TYPER:\n            exception_class = InvalidSelectorException\n        elif status in ErrorCode.ELEMENT_IS_NOT_SELECTABLE:\n            exception_class = ElementNotSelectableException\n        elif status in ErrorCode.ELEMENT_NOT_INTERACTABLE:\n            exception_class = ElementNotInteractableException\n        elif status in ErrorCode.INVALID_COOKIE_DOMAIN:\n            exception_class = WebDriverException\n        elif status in ErrorCode.UNABLE_TO_SET_COOKIE:\n            exception_class = WebDriverException\n        elif status in ErrorCode.TIMEOUT:\n            exception_class = TimeoutException\n        elif status in ErrorCode.SCRIPT_TIMEOUT:\n            exception_class = TimeoutException\n        elif status in ErrorCode.UNKNOWN_ERROR:\n            exception_class = WebDriverException\n        elif status in ErrorCode.UNEXPECTED_ALERT_OPEN:\n            exception_class = UnexpectedAlertPresentException\n        elif status in ErrorCode.NO_ALERT_OPEN:\n            exception_class = NoAlertPresentException\n        elif status in ErrorCode.IME_NOT_AVAILABLE:\n            exception_class = ImeNotAvailableException\n        elif status in ErrorCode.IME_ENGINE_ACTIVATION_FAILED:\n            exception_class = ImeActivationFailedException\n        elif status in ErrorCode.MOVE_TARGET_OUT_OF_BOUNDS:\n            exception_class = MoveTargetOutOfBoundsException\n        else:\n            exception_class = WebDriverException\n        if value == '' or value is None:\n            value = response['value']\n        if isinstance(value, basestring):\n            if exception_class == ErrorInResponseException:\n                raise exception_class(response, value)\n            raise exception_class(value)\n        if message == \"\" and 'message' in value:\n            message = value['message']\n    \n        screen = None\n        if 'screen' in value:\n            screen = value['screen']\n    \n        stacktrace = None\n        if 'stackTrace' in value and value['stackTrace']:\n            stacktrace = []\n            try:\n                for frame in value['stackTrace']:\n                    line = self._value_or_default(frame, 'lineNumber', '')\n                    file = self._value_or_default(frame, 'fileName', '<anonymous>')\n                    if line:\n                        file = \"%s:%s\" % (file, line)\n                    meth = self._value_or_default(frame, 'methodName', '<anonymous>')\n                    if 'className' in frame:\n                        meth = \"%s.%s\" % (frame['className'], meth)\n                    msg = \"    at %s (%s)\"\n                    msg = msg % (meth, file)\n                    stacktrace.append(msg)\n            except TypeError:\n                pass\n        if exception_class == ErrorInResponseException:\n            raise exception_class(response, message)\n        elif exception_class == UnexpectedAlertPresentException and 'alert' in value:\n            raise exception_class(message, screen, stacktrace, value['alert'].get('text'))\n>       raise exception_class(message, screen, stacktrace)\nE       selenium.common.exceptions.NoSuchElementException: Message: no such element: Unable to locate element: {\"method\":\"xpath\",\"selector\":\"(//span[text()='vidya-cloudify8']//following-sibling::div//button)[2]\"}\nE         (Session info: chrome=102.0.5005.61)\n\n..\\..\\venv\\lib\\site-packages\\selenium\\webdriver\\remote\\errorhandler.py:194: NoSuchElementException","steps":[],"attachments":[{"uid":"177a499bc3fdc428","name":"log","source":"177a499bc3fdc428.txt","type":"text/plain","size":199}],"parameters":[],"shouldDisplayMessage":true,"attachmentsCount":1,"hasContent":true,"stepsCount":0},"afterStages":[{"name":"setup::0","time":{"start":1665389692624,"stop":1665389699677,"duration":7053},"status":"broken","statusMessage":"http.client.RemoteDisconnected: Remote end closed connection without response\n","statusTrace":"  File \"C:\\Users\\Vidya raj\\PycharmProjects\\framework\\venv\\lib\\site-packages\\allure_commons\\_allure.py\", line 209, in __call__\n    return self._fixture_function(*args, **kwargs)\n  File \"C:\\Users\\Vidya raj\\PycharmProjects\\framework\\venv\\lib\\site-packages\\_pytest\\fixtures.py\", line 899, in _teardown_yield_fixture\n    next(it)\n  File \"C:\\Users\\Vidya raj\\PycharmProjects\\framework\\Test\\testCases\\test_HistorySessionPage.py\", line 46, in setup\n    self.driver.quit()\n  File \"C:\\Users\\Vidya raj\\PycharmProjects\\framework\\venv\\lib\\site-packages\\selenium\\webdriver\\remote\\webdriver.py\", line 603, in quit\n    self.execute(Command.QUIT)\n  File \"C:\\Users\\Vidya raj\\PycharmProjects\\framework\\venv\\lib\\site-packages\\selenium\\webdriver\\remote\\webdriver.py\", line 306, in execute\n    response = self.command_executor.execute(driver_command, params)\n  File \"C:\\Users\\Vidya raj\\PycharmProjects\\framework\\venv\\lib\\site-packages\\selenium\\webdriver\\remote\\remote_connection.py\", line 464, in execute\n    return self._request(command_info[0], url, body=data)\n  File \"C:\\Users\\Vidya raj\\PycharmProjects\\framework\\venv\\lib\\site-packages\\selenium\\webdriver\\remote\\remote_connection.py\", line 526, in _request\n    resp = opener.open(request, timeout=self._timeout)\n  File \"C:\\Users\\Vidya raj\\AppData\\Local\\Programs\\Python\\Python38\\lib\\urllib\\request.py\", line 525, in open\n    response = self._open(req, data)\n  File \"C:\\Users\\Vidya raj\\AppData\\Local\\Programs\\Python\\Python38\\lib\\urllib\\request.py\", line 542, in _open\n    result = self._call_chain(self.handle_open, protocol, protocol +\n  File \"C:\\Users\\Vidya raj\\AppData\\Local\\Programs\\Python\\Python38\\lib\\urllib\\request.py\", line 502, in _call_chain\n    result = func(*args)\n  File \"C:\\Users\\Vidya raj\\AppData\\Local\\Programs\\Python\\Python38\\lib\\urllib\\request.py\", line 1360, in https_open\n    return self.do_open(http.client.HTTPSConnection, req,\n  File \"C:\\Users\\Vidya raj\\AppData\\Local\\Programs\\Python\\Python38\\lib\\urllib\\request.py\", line 1321, in do_open\n    r = h.getresponse()\n  File \"C:\\Users\\Vidya raj\\AppData\\Local\\Programs\\Python\\Python38\\lib\\http\\client.py\", line 1322, in getresponse\n    response.begin()\n  File \"C:\\Users\\Vidya raj\\AppData\\Local\\Programs\\Python\\Python38\\lib\\http\\client.py\", line 303, in begin\n    version, status, reason = self._read_status()\n  File \"C:\\Users\\Vidya raj\\AppData\\Local\\Programs\\Python\\Python38\\lib\\http\\client.py\", line 272, in _read_status\n    raise RemoteDisconnected(\"Remote end closed connection without\"\n","steps":[],"attachments":[],"parameters":[],"shouldDisplayMessage":true,"attachmentsCount":0,"hasContent":true,"stepsCount":0}],"labels":[{"name":"tag","value":"scenario"},{"name":"suite","value":"test_HistorySessionPage"},{"name":"subSuite","value":"TestHistorySessionPage"},{"name":"host","value":"VidyaR-LAP"},{"name":"thread","value":"6340-MainThread"},{"name":"framework","value":"pytest"},{"name":"language","value":"cpython3"},{"name":"package","value":"test_HistorySessionPage"},{"name":"resultFormat","value":"allure2"}],"parameters":[],"links":[],"hidden":true,"retry":true,"extra":{"categories":[],"tags":["scenario"]},"source":"f1e4e15700a164d1.json","parameterValues":[]}